<?xml version="1.0" encoding="UTF-8"?>
<testsuite xmlns:xsi="http://www.w3.org/2001/XMLSchema-instance" xsi:noNamespaceSchemaLocation="https://maven.apache.org/surefire/maven-surefire-plugin/xsd/surefire-test-report-3.0.xsd" version="3.0" name="com.example.demo.DemoApplicationTests" time="3.721" tests="1" errors="0" skipped="0" failures="0">
  <properties>
[...]
</properties>
  <testcase name="contextLoads" classname="com.example.demo.DemoApplicationTests" time="1.031">
    <system-out><![CDATA[08:56:16.837 [main] INFO org.springframework.test.context.support.AnnotationConfigContextLoaderUtils -- Could not detect default configuration classes for test class [com.example.demo.DemoApplicationTests]: DemoApplicationTests does not declare any static, non-private, non-final, nested classes annotated with @Configuration.
08:56:16.960 [main] INFO org.springframework.boot.test.context.SpringBootTestContextBootstrapper -- Found @SpringBootConfiguration com.example.demo.DemoApplication for test class com.example.demo.DemoApplicationTests

  .   ____          _            __ _ _
 /\\ / ___'_ __ _ _(_)_ __  __ _ \ \ \ \
( ( )\___ | '_ | '_| | '_ \/ _` | \ \ \ \
 \\/  ___)| |_)| | | | | || (_| |  ) ) ) )
  '  |____| .__|_| |_|_| |_\__, | / / / /
 =========|_|==============|___/=/_/_/_/
 :: Spring Boot ::                (v3.2.1)

2025-09-28T08:56:17.586Z  INFO 83889 --- [           main] com.example.demo.DemoApplicationTests    : Starting DemoApplicationTests using Java 17.0.16 with PID 83889 (started by codespace in /workspaces/Azure-Cloud-AzuureVm/AzureCloud/Azurejava/springboot-node-app)
2025-09-28T08:56:17.592Z  INFO 83889 --- [           main] com.example.demo.DemoApplicationTests    : No active profile set, falling back to 1 default profile: "default"
2025-09-28T08:56:18.833Z  INFO 83889 --- [           main] o.s.b.w.embedded.tomcat.TomcatWebServer  : Tomcat initialized with port 0 (http)
2025-09-28T08:56:18.845Z  INFO 83889 --- [           main] o.apache.catalina.core.StandardService   : Starting service [Tomcat]
2025-09-28T08:56:18.846Z  INFO 83889 --- [           main] o.apache.catalina.core.StandardEngine    : Starting Servlet engine: [Apache Tomcat/10.1.17]
2025-09-28T08:56:18.908Z  INFO 83889 --- [           main] o.a.c.c.C.[Tomcat].[localhost].[/]       : Initializing Spring embedded WebApplicationContext
2025-09-28T08:56:18.909Z  INFO 83889 --- [           main] w.s.c.ServletWebServerApplicationContext : Root WebApplicationContext: initialization completed in 1274 ms
2025-09-28T08:56:19.044Z  INFO 83889 --- [           main] o.s.b.a.w.s.WelcomePageHandlerMapping    : Adding welcome page: class path resource [static/index.html]
2025-09-28T08:56:19.323Z  INFO 83889 --- [           main] o.s.b.w.embedded.tomcat.TomcatWebServer  : Tomcat started on port 39015 (http) with context path ''
2025-09-28T08:56:19.335Z  INFO 83889 --- [           main] com.example.demo.DemoApplicationTests    : Started DemoApplicationTests in 2.207 seconds (process running for 3.279)
2025-09-28T08:56:20.259Z  INFO 83889 --- [o-auto-1-exec-1] o.a.c.c.C.[Tomcat].[localhost].[/]       : Initializing Spring DispatcherServlet 'dispatcherServlet'
2025-09-28T08:56:20.259Z  INFO 83889 --- [o-auto-1-exec-1] o.s.web.servlet.DispatcherServlet        : Initializing Servlet 'dispatcherServlet'
2025-09-28T08:56:20.261Z  INFO 83889 --- [o-auto-1-exec-1] o.s.web.servlet.DispatcherServlet        : Completed initialization in 2 ms
<!DOCTYPE html>
<html>
<head>
    <title>Space Shooter</title>
    <meta charset="UTF-8">
    <style>
        body { 
            margin: 0; 
            background: #000; 
            display: flex; 
            justify-content: center; 
            align-items: center; 
            min-height: 100vh; 
            font-family: Arial; 
            color: white; 
        }
        canvas { 
            border: 2px solid #0ff; 
            background: #001122; 
        }
        .container { text-align: center; }
        .ui { 
            position: absolute; 
            top: 10px; 
            left: 10px; 
            z-index: 10; 
        }
        .ui div { margin: 5px 0; font-size: 18px; }
        .game-over { 
            position: absolute; 
            top: 50%; 
            left: 50%; 
            transform: translate(-50%, -50%); 
            background: rgba(0,0,0,0.9); 
            padding: 20px; 
            border: 2px solid #f00; 
            border-radius: 10px; 
            display: none; 
        }
        button { 
            background: #f60; 
            color: white; 
            border: none; 
            padding: 10px 20px; 
            margin: 10px; 
            border-radius: 5px; 
            cursor: pointer; 
            font-size: 16px; 
        }
        button:hover { background: #f80; }
        input { 
            padding: 8px; 
            margin: 5px; 
            border-radius: 5px; 
            border: 1px solid #ccc; 
        }
    </style>
</head>
<body>
    <div class="container">
        <canvas id="game" width="800" height="600"></canvas>
        
        <div class="ui">
            <div>Score: <span id="score">0</span></div>
            <div>Health: <span id="health">100</span></div>
            <div>Level: <span id="level">1</span></div>
        </div>
        
        <div class="game-over" id="gameOver">
            <h2>Game Over!</h2>
            <p>Score: <span id="finalScore">0</span></p>
            <input type="text" id="playerName" placeholder="Your name">
            <br>
            <button onclick="saveScore()">Save Score</button>
            <button onclick="restart()">Play Again</button>
        </div>
        
        <div style="margin-top: 20px;">
            <button onclick="start()">Start Game</button>
            <button onclick="pause()">Pause</button>
            <p>Controls: WASD to move, SPACE to shoot</p>
        </div>
    </div>

    <script>
        const canvas = document.getElementById('game');
        const ctx = canvas.getContext('2d');
        
        let gameRunning = false;
        let gamePaused = false;
        let score = 0;
        let health = 100;
        let level = 1;
        
        let player = { x: 375, y: 550, w: 50, h: 30, speed: 5 };
        let bullets = [];
        let enemies = [];
        let keys = {};
        
        document.addEventListener('keydown', e => {
            keys[e.key.toLowerCase()] = true;
            if (e.key === ' ') {
                e.preventDefault();
                shoot();
            }
        });
        document.addEventListener('keyup', e => keys[e.key.toLowerCase()] = false);
        
        function start() {
            gameRunning = true;
            gamePaused = false;
            score = 0;
            health = 100;
            level = 1;
            bullets = [];
            enemies = [];
            player.x = 375;
            player.y = 550;
            document.getElementById('gameOver').style.display = 'none';
            gameLoop();
        }
        
        function pause() {
            gamePaused = !gamePaused;
            if (!gamePaused && gameRunning) gameLoop();
        }
        
        function restart() {
            start();
        }
        
        function shoot() {
            if (!gameRunning || gamePaused) return;
            bullets.push({ x: player.x + 23, y: player.y, w: 4, h: 10, speed: 8 });
        }
        
        function spawnEnemy() {
            enemies.push({ 
                x: Math.random() * 750, 
                y: -30, 
                w: 30, 
                h: 30, 
                speed: 2 + level * 0.5 
            });
        }
        
        function update() {
            if (!gameRunning || gamePaused) return;
            
            if (keys['a'] && player.x > 0) player.x -= player.speed;
            if (keys['d'] && player.x < 750) player.x += player.speed;
            if (keys['w'] && player.y > 0) player.y -= player.speed;
            if (keys['s'] && player.y < 570) player.y += player.speed;
            
            bullets.forEach((bullet, i) => {
                bullet.y -= bullet.speed;
                if (bullet.y < 0) bullets.splice(i, 1);
            });
            
            enemies.forEach((enemy, i) => {
                enemy.y += enemy.speed;
                if (enemy.y > 600) {
                    enemies.splice(i, 1);
                    health -= 10;
                }
            });
            
            bullets.forEach((bullet, bi) => {
                enemies.forEach((enemy, ei) => {
                    if (bullet.x < enemy.x + enemy.w && 
                        bullet.x + bullet.w > enemy.x &&
                        bullet.y < enemy.y + enemy.h && 
                        bullet.y + bullet.h > enemy.y) {
                        bullets.splice(bi, 1);
                        enemies.splice(ei, 1);
                        score += 10;
                    }
                });
            });
            
            enemies.forEach((enemy, i) => {
                if (player.x < enemy.x + enemy.w && 
                    player.x + player.w > enemy.x &&
                    player.y < enemy.y + enemy.h && 
                    player.y + player.h > enemy.y) {
                    enemies.splice(i, 1);
                    health -= 20;
                }
            });
            
            if (Math.random() < 0.02 + level * 0.005) spawnEnemy();
            
            if (score > level * 100) level++;
            
            if (health <= 0) {
                gameRunning = false;
                document.getElementById('finalScore').textContent = score;
                document.getElementById('gameOver').style.display = 'block';
            }
            
            updateUI();
        }
        
        function draw() {
            ctx.fillStyle = '#001122';
            ctx.fillRect(0, 0, 800, 600);
            
            for (let i = 0; i < 50; i++) {
                ctx.fillStyle = 'white';
                ctx.fillRect(Math.random() * 800, Math.random() * 600, 1, 1);
            }
            
            if (!gameRunning) {
                ctx.fillStyle = 'white';
                ctx.font = '30px Arial';
                ctx.textAlign = 'center';
                ctx.fillText('SPACE SHOOTER', 400, 250);
                ctx.font = '16px Arial';
                ctx.fillText('Click Start Game to begin!', 400, 300);
                return;
            }
            
            if (gamePaused) {
                ctx.fillStyle = 'white';
                ctx.font = '40px Arial';
                ctx.textAlign = 'center';
                ctx.fillText('PAUSED', 400, 300);
                return;
            }
            
            ctx.fillStyle = '#0ff';
            ctx.fillRect(player.x, player.y, player.w, player.h);
            
            ctx.fillStyle = '#ff0';
            bullets.forEach(bullet => {
                ctx.fillRect(bullet.x, bullet.y, bullet.w, bullet.h);
            });
            
            ctx.fillStyle = '#f60';
            enemies.forEach(enemy => {
                ctx.fillRect(enemy.x, enemy.y, enemy.w, enemy.h);
            });
        }
        
        function updateUI() {
            document.getElementById('score').textContent = score;
            document.getElementById('health').textContent = health;
            document.getElementById('level').textContent = level;
        }
        
        function gameLoop() {
            if (gameRunning && !gamePaused) {
                update();
                draw();
                requestAnimationFrame(gameLoop);
            }
        }
        
        function saveScore() {
            const name = document.getElementById('playerName').value || 'Anonymous';
            fetch('/save_score', {
                method: 'POST',
                headers: { 'Content-Type': 'application/json' },
                body: JSON.stringify({ name, score })
            }).then(res => res.json())
              .then(data => alert('Score saved!'));
        }
    </script>
</body>
</html>

]]></system-out>
  </testcase>
</testsuite>